2021-06-28 09:52:44.930  INFO 13800 --- [restartedMain] com.codecow.UpmsApplication              : Starting UpmsApplication using Java 1.8.0_292 on DESKTOP-IVUB661 with PID 13800 (G:\springboot\UPMS\target\classes started by dzb in G:\springboot\UPMS)
2021-06-28 09:52:44.939 DEBUG 13800 --- [restartedMain] com.codecow.UpmsApplication              : Running with Spring Boot v2.5.0, Spring v5.3.7
2021-06-28 09:52:44.940  INFO 13800 --- [restartedMain] com.codecow.UpmsApplication              : No active profile set, falling back to default profiles: default
2021-06-28 09:52:45.000  INFO 13800 --- [restartedMain] o.s.b.devtools.restart.ChangeableUrls    : The Class-Path manifest attribute in E:\app\maven\apache-maven-3.8.1\maven-repo\com\sun\xml\bind\jaxb-core\2.3.0\jaxb-core-2.3.0.jar referenced one or more files that do not exist: file:/E:/app/maven/apache-maven-3.8.1/maven-repo/com/sun/xml/bind/jaxb-core/2.3.0/jaxb-api.jar
2021-06-28 09:52:45.001  INFO 13800 --- [restartedMain] o.s.b.devtools.restart.ChangeableUrls    : The Class-Path manifest attribute in E:\app\maven\apache-maven-3.8.1\maven-repo\com\sun\xml\bind\jaxb-impl\2.3.0\jaxb-impl-2.3.0.jar referenced one or more files that do not exist: file:/E:/app/maven/apache-maven-3.8.1/maven-repo/com/sun/xml/bind/jaxb-impl/2.3.0/jaxb-core.jar
2021-06-28 09:52:45.001  INFO 13800 --- [restartedMain] .e.DevToolsPropertyDefaultsPostProcessor : Devtools property defaults active! Set 'spring.devtools.add-properties' to 'false' to disable
2021-06-28 09:52:45.001  INFO 13800 --- [restartedMain] .e.DevToolsPropertyDefaultsPostProcessor : For additional web related logging consider setting the 'logging.level.web' property to 'DEBUG'
2021-06-28 09:52:47.106  INFO 13800 --- [restartedMain] .s.d.r.c.RepositoryConfigurationDelegate : Multiple Spring Data modules found, entering strict repository configuration mode!
2021-06-28 09:52:47.113  INFO 13800 --- [restartedMain] .s.d.r.c.RepositoryConfigurationDelegate : Bootstrapping Spring Data Redis repositories in DEFAULT mode.
2021-06-28 09:52:47.154  INFO 13800 --- [restartedMain] .s.d.r.c.RepositoryConfigurationDelegate : Finished Spring Data repository scanning in 23 ms. Found 0 Redis repository interfaces.
2021-06-28 09:52:47.800  INFO 13800 --- [restartedMain] trationDelegate$BeanPostProcessorChecker : Bean 'shiroConfig' of type [com.codecow.config.shiroconfig.ShiroConfig$$EnhancerBySpringCGLIB$$bde70d66] is not eligible for getting processed by all BeanPostProcessors (for example: not eligible for auto-proxying)
2021-06-28 09:52:47.971  INFO 13800 --- [restartedMain] trationDelegate$BeanPostProcessorChecker : Bean 'redisConfig' of type [com.codecow.config.redisconfig.RedisConfig$$EnhancerBySpringCGLIB$$98d17cfa] is not eligible for getting processed by all BeanPostProcessors (for example: not eligible for auto-proxying)
2021-06-28 09:52:47.994  INFO 13800 --- [restartedMain] trationDelegate$BeanPostProcessorChecker : Bean 'spring.redis-org.springframework.boot.autoconfigure.data.redis.RedisProperties' of type [org.springframework.boot.autoconfigure.data.redis.RedisProperties] is not eligible for getting processed by all BeanPostProcessors (for example: not eligible for auto-proxying)
2021-06-28 09:52:47.997  INFO 13800 --- [restartedMain] trationDelegate$BeanPostProcessorChecker : Bean 'org.springframework.boot.autoconfigure.data.redis.LettuceConnectionConfiguration' of type [org.springframework.boot.autoconfigure.data.redis.LettuceConnectionConfiguration] is not eligible for getting processed by all BeanPostProcessors (for example: not eligible for auto-proxying)
2021-06-28 09:52:48.183  INFO 13800 --- [restartedMain] trationDelegate$BeanPostProcessorChecker : Bean 'lettuceClientResources' of type [io.lettuce.core.resource.DefaultClientResources] is not eligible for getting processed by all BeanPostProcessors (for example: not eligible for auto-proxying)
2021-06-28 09:52:48.326  INFO 13800 --- [restartedMain] trationDelegate$BeanPostProcessorChecker : Bean 'redisConnectionFactory' of type [org.springframework.data.redis.connection.lettuce.LettuceConnectionFactory] is not eligible for getting processed by all BeanPostProcessors (for example: not eligible for auto-proxying)
2021-06-28 09:52:48.445  INFO 13800 --- [restartedMain] trationDelegate$BeanPostProcessorChecker : Bean 'redisTemplate' of type [org.springframework.data.redis.core.RedisTemplate] is not eligible for getting processed by all BeanPostProcessors (for example: not eligible for auto-proxying)
2021-06-28 09:52:48.449  INFO 13800 --- [restartedMain] trationDelegate$BeanPostProcessorChecker : Bean 'redisService' of type [com.codecow.service.RedisService] is not eligible for getting processed by all BeanPostProcessors (for example: not eligible for auto-proxying)
2021-06-28 09:52:48.450  INFO 13800 --- [restartedMain] trationDelegate$BeanPostProcessorChecker : Bean 'customHashedCredentialsMatcher' of type [com.codecow.config.shiroconfig.CustomHashedCredentialsMatcher] is not eligible for getting processed by all BeanPostProcessors (for example: not eligible for auto-proxying)
2021-06-28 09:52:48.453  INFO 13800 --- [restartedMain] trationDelegate$BeanPostProcessorChecker : Bean 'cacheManager' of type [com.codecow.config.shiroconfig.ShiroCacheManager] is not eligible for getting processed by all BeanPostProcessors (for example: not eligible for auto-proxying)
2021-06-28 09:52:48.457  INFO 13800 --- [restartedMain] trationDelegate$BeanPostProcessorChecker : Bean 'customRealm' of type [com.codecow.config.shiroconfig.CustomRealm] is not eligible for getting processed by all BeanPostProcessors (for example: not eligible for auto-proxying)
2021-06-28 09:52:48.464  INFO 13800 --- [restartedMain] trationDelegate$BeanPostProcessorChecker : Bean 'securityManager' of type [org.apache.shiro.web.mgt.DefaultWebSecurityManager] is not eligible for getting processed by all BeanPostProcessors (for example: not eligible for auto-proxying)
2021-06-28 09:52:48.475  INFO 13800 --- [restartedMain] trationDelegate$BeanPostProcessorChecker : Bean 'authorizationAttributeSourceAdvisor' of type [org.apache.shiro.spring.security.interceptor.AuthorizationAttributeSourceAdvisor] is not eligible for getting processed by all BeanPostProcessors (for example: not eligible for auto-proxying)
2021-06-28 09:52:49.009  INFO 13800 --- [restartedMain] o.s.b.w.embedded.tomcat.TomcatWebServer  : Tomcat initialized with port(s): 8080 (http)
2021-06-28 09:52:49.021  INFO 13800 --- [restartedMain] o.apache.catalina.core.StandardService   : Starting service [Tomcat]
2021-06-28 09:52:49.021  INFO 13800 --- [restartedMain] org.apache.catalina.core.StandardEngine  : Starting Servlet engine: [Apache Tomcat/9.0.46]
2021-06-28 09:52:49.170  INFO 13800 --- [restartedMain] o.a.c.c.C.[Tomcat].[localhost].[/]       : Initializing Spring embedded WebApplicationContext
2021-06-28 09:52:49.170  INFO 13800 --- [restartedMain] w.s.c.ServletWebServerApplicationContext : Root WebApplicationContext: initialization completed in 4168 ms
2021-06-28 09:52:49.458  INFO 13800 --- [restartedMain] c.a.d.s.b.a.DruidDataSourceAutoConfigure : Init DruidDataSource
2021-06-28 09:52:50.027  INFO 13800 --- [restartedMain] com.alibaba.druid.pool.DruidDataSource   : {dataSource-1} inited
2021-06-28 09:52:50.933  INFO 13800 --- [restartedMain] pertySourcedRequestMappingHandlerMapping : Mapped URL path [/v2/api-docs] onto method [springfox.documentation.swagger2.web.Swagger2Controller#getDocumentation(String, HttpServletRequest)]
2021-06-28 09:52:51.079  INFO 13800 --- [restartedMain] o.s.b.d.a.OptionalLiveReloadServer       : LiveReload server is running on port 35729
2021-06-28 09:52:51.401  INFO 13800 --- [restartedMain] o.s.b.w.embedded.tomcat.TomcatWebServer  : Tomcat started on port(s): 8080 (http) with context path ''
2021-06-28 09:52:51.402  INFO 13800 --- [restartedMain] d.s.w.p.DocumentationPluginsBootstrapper : Context refreshed
2021-06-28 09:52:51.417  INFO 13800 --- [restartedMain] d.s.w.p.DocumentationPluginsBootstrapper : Found 1 custom documentation plugin(s)
2021-06-28 09:52:51.444  INFO 13800 --- [restartedMain] s.d.s.w.s.ApiListingReferenceScanner     : Scanning for api listing references
2021-06-28 09:52:51.469  INFO 13800 --- [restartedMain] com.codecow.UpmsApplication              : Started UpmsApplication in 7.282 seconds (JVM running for 9.536)
2021-06-28 09:52:51.471  INFO 13800 --- [restartedMain] o.s.b.a.ApplicationAvailabilityBean      : Application availability state LivenessState changed to CORRECT
2021-06-28 09:52:51.474  INFO 13800 --- [restartedMain] o.s.b.a.ApplicationAvailabilityBean      : Application availability state ReadinessState changed to ACCEPTING_TRAFFIC
2021-06-28 09:53:22.387  INFO 13800 --- [http-nio-8080-exec-1] o.a.c.c.C.[Tomcat].[localhost].[/]       : Initializing Spring DispatcherServlet 'dispatcherServlet'
2021-06-28 09:53:22.387  INFO 13800 --- [http-nio-8080-exec-1] o.s.web.servlet.DispatcherServlet        : Initializing Servlet 'dispatcherServlet'
2021-06-28 09:53:22.388  INFO 13800 --- [http-nio-8080-exec-1] o.s.web.servlet.DispatcherServlet        : Completed initialization in 1 ms
2021-06-28 09:53:24.595 DEBUG 13800 --- [http-nio-8080-exec-6] c.c.dao.SysUserMapper.selectByUsername   : ==>  Preparing: select id, username, salt, `password`, phone, dept_id, real_name, nick_name, email, `status`, sex, deleted, create_id, update_id, create_where, create_time, update_time from sys_user where username=? and deleted=1 
2021-06-28 09:53:24.630 DEBUG 13800 --- [http-nio-8080-exec-6] c.c.dao.SysUserMapper.selectByUsername   : ==> Parameters: admin(String)
2021-06-28 09:53:24.653 DEBUG 13800 --- [http-nio-8080-exec-6] c.c.dao.SysUserMapper.selectByUsername   : <==      Total: 1
2021-06-28 09:53:24.678  INFO 13800 --- [http-nio-8080-exec-6] c.codecow.service.impl.UserServiceImpl   : accessToken=eyJ0eXAiOiJKV1QiLCJhbGciOiJIUzI1NiJ9.eyJzdWIiOiI5YTI2ZjVmMS1jYmQyLTQ3M2QtODJkYi0xZDZkY2Y0NTk4ZjgiLCJyb2xlcy1pbmZvcy1rZXkiOlsiYWRtaW4iXSwicGVybWlzc2lvbnMtaW5mb3Mta2V5IjpbInN5czp1c2VyOmFkZCIsInN5czp1c2VyOnVwZGF0ZSIsInN5czp1c2VyOmRlbGV0ZSIsInN5czp1c2VyOmxpc3QiXSwiaXNzIjoiY29tLmRvdXpoZW5ibyIsImp3dC11c2VyLW5hbWUta2V5IjoiYWRtaW4iLCJleHAiOjE2MjQ4NTI0MDQsImlhdCI6MTYyNDg0NTIwNH0._CdiKe6ECZ1aR0038hNxKdWNj9zDqXI_crMAhw6b6J8
2021-06-28 09:53:24.678  INFO 13800 --- [http-nio-8080-exec-6] c.codecow.service.impl.UserServiceImpl   : refreshToken=eyJ0eXAiOiJKV1QiLCJhbGciOiJIUzI1NiJ9.eyJzdWIiOiI5YTI2ZjVmMS1jYmQyLTQ3M2QtODJkYi0xZDZkY2Y0NTk4ZjgiLCJpc3MiOiJjb20uZG91emhlbmJvIiwiand0LXVzZXItbmFtZS1rZXkiOiJhZG1pbiIsImV4cCI6MTYyNDg3NDAwNCwiaWF0IjoxNjI0ODQ1MjA0fQ.YBbHTgh-C3LV-khHbI-WmtfgGZxEJRx5kOE_W7eiZY0
2021-06-28 09:53:24.918  INFO 13800 --- [http-nio-8080-exec-10] c.c.c.s.CustomAccessControlFilter        : request接口地址：/home
2021-06-28 09:53:24.918  INFO 13800 --- [http-nio-8080-exec-10] c.c.c.s.CustomAccessControlFilter        : request请求方式：GET
2021-06-28 09:53:24.949  INFO 13800 --- [http-nio-8080-exec-10] c.c.c.s.CustomHashedCredentialsMatcher   : doCredentialsMatch....userId=9a26f5f1-cbd2-473d-82db-1d6dcf4598f8
2021-06-28 09:53:28.171  WARN 13800 --- [http-nio-8080-exec-10] o.a.shiro.authc.AbstractAuthenticator    : Authentication failed for token submission [com.codecow.config.shiroconfig.CustomUsernamePasswordToken - null, rememberMe=false].  Possible unexpected error? (Typical or expected login exceptions should extend from AuthenticationException).

org.springframework.data.redis.RedisConnectionFailureException: Unable to connect to Redis; nested exception is org.springframework.data.redis.connection.PoolException: Could not get a resource from the pool; nested exception is io.lettuce.core.RedisConnectionException: Unable to connect to localhost:6379
	at org.springframework.data.redis.connection.lettuce.LettuceConnectionFactory$ExceptionTranslatingConnectionProvider.translateException(LettuceConnectionFactory.java:1621) ~[spring-data-redis-2.5.1.jar:2.5.1]
	at org.springframework.data.redis.connection.lettuce.LettuceConnectionFactory$ExceptionTranslatingConnectionProvider.getConnection(LettuceConnectionFactory.java:1529) ~[spring-data-redis-2.5.1.jar:2.5.1]
	at org.springframework.data.redis.connection.lettuce.LettuceConnectionFactory$SharedConnection.getNativeConnection(LettuceConnectionFactory.java:1315) ~[spring-data-redis-2.5.1.jar:2.5.1]
	at org.springframework.data.redis.connection.lettuce.LettuceConnectionFactory$SharedConnection.getConnection(LettuceConnectionFactory.java:1298) ~[spring-data-redis-2.5.1.jar:2.5.1]
	at org.springframework.data.redis.connection.lettuce.LettuceConnectionFactory.getSharedConnection(LettuceConnectionFactory.java:1039) ~[spring-data-redis-2.5.1.jar:2.5.1]
	at org.springframework.data.redis.connection.lettuce.LettuceConnectionFactory.getConnection(LettuceConnectionFactory.java:371) ~[spring-data-redis-2.5.1.jar:2.5.1]
	at org.springframework.data.redis.core.RedisConnectionUtils.fetchConnection(RedisConnectionUtils.java:193) ~[spring-data-redis-2.5.1.jar:2.5.1]
	at org.springframework.data.redis.core.RedisConnectionUtils.doGetConnection(RedisConnectionUtils.java:144) ~[spring-data-redis-2.5.1.jar:2.5.1]
	at org.springframework.data.redis.core.RedisConnectionUtils.getConnection(RedisConnectionUtils.java:105) ~[spring-data-redis-2.5.1.jar:2.5.1]
	at org.springframework.data.redis.core.RedisTemplate.execute(RedisTemplate.java:209) ~[spring-data-redis-2.5.1.jar:2.5.1]
	at org.springframework.data.redis.core.RedisTemplate.execute(RedisTemplate.java:189) ~[spring-data-redis-2.5.1.jar:2.5.1]
	at org.springframework.data.redis.core.RedisTemplate.hasKey(RedisTemplate.java:768) ~[spring-data-redis-2.5.1.jar:2.5.1]
	at com.codecow.service.RedisService.hasKey(RedisService.java:35) ~[classes/:na]
	at com.codecow.config.shiroconfig.CustomHashedCredentialsMatcher.doCredentialsMatch(CustomHashedCredentialsMatcher.java:35) ~[classes/:na]
	at org.apache.shiro.realm.AuthenticatingRealm.assertCredentialsMatch(AuthenticatingRealm.java:600) ~[shiro-core-1.7.1.jar:1.7.1]
	at org.apache.shiro.realm.AuthenticatingRealm.getAuthenticationInfo(AuthenticatingRealm.java:581) ~[shiro-core-1.7.1.jar:1.7.1]
	at org.apache.shiro.authc.pam.ModularRealmAuthenticator.doSingleRealmAuthentication(ModularRealmAuthenticator.java:180) ~[shiro-core-1.7.1.jar:1.7.1]
	at org.apache.shiro.authc.pam.ModularRealmAuthenticator.doAuthenticate(ModularRealmAuthenticator.java:273) ~[shiro-core-1.7.1.jar:1.7.1]
	at org.apache.shiro.authc.AbstractAuthenticator.authenticate(AbstractAuthenticator.java:198) ~[shiro-core-1.7.1.jar:1.7.1]
	at org.apache.shiro.mgt.AuthenticatingSecurityManager.authenticate(AuthenticatingSecurityManager.java:106) [shiro-core-1.7.1.jar:1.7.1]
	at org.apache.shiro.mgt.DefaultSecurityManager.login(DefaultSecurityManager.java:275) [shiro-core-1.7.1.jar:1.7.1]
	at org.apache.shiro.subject.support.DelegatingSubject.login(DelegatingSubject.java:260) [shiro-core-1.7.1.jar:1.7.1]
	at com.codecow.config.shiroconfig.CustomAccessControlFilter.onAccessDenied(CustomAccessControlFilter.java:64) [classes/:na]
	at org.apache.shiro.web.filter.AccessControlFilter.onAccessDenied(AccessControlFilter.java:133) [shiro-web-1.7.1.jar:1.7.1]
	at org.apache.shiro.web.filter.AccessControlFilter.onPreHandle(AccessControlFilter.java:162) [shiro-web-1.7.1.jar:1.7.1]
	at org.apache.shiro.web.filter.PathMatchingFilter.isFilterChainContinued(PathMatchingFilter.java:223) [shiro-web-1.7.1.jar:1.7.1]
	at org.apache.shiro.web.filter.PathMatchingFilter.preHandle(PathMatchingFilter.java:198) [shiro-web-1.7.1.jar:1.7.1]
	at org.apache.shiro.web.servlet.AdviceFilter.doFilterInternal(AdviceFilter.java:131) [shiro-web-1.7.1.jar:1.7.1]
	at org.apache.shiro.web.servlet.OncePerRequestFilter.doFilter(OncePerRequestFilter.java:125) [shiro-web-1.7.1.jar:1.7.1]
	at org.apache.shiro.web.servlet.ProxiedFilterChain.doFilter(ProxiedFilterChain.java:66) [shiro-web-1.7.1.jar:1.7.1]
	at org.apache.shiro.web.servlet.AdviceFilter.executeChain(AdviceFilter.java:108) [shiro-web-1.7.1.jar:1.7.1]
	at org.apache.shiro.web.servlet.AdviceFilter.doFilterInternal(AdviceFilter.java:137) [shiro-web-1.7.1.jar:1.7.1]
	at org.apache.shiro.web.servlet.OncePerRequestFilter.doFilter(OncePerRequestFilter.java:125) [shiro-web-1.7.1.jar:1.7.1]
	at org.apache.shiro.web.servlet.ProxiedFilterChain.doFilter(ProxiedFilterChain.java:66) [shiro-web-1.7.1.jar:1.7.1]
	at org.apache.shiro.web.servlet.AbstractShiroFilter.executeChain(AbstractShiroFilter.java:450) [shiro-web-1.7.1.jar:1.7.1]
	at org.apache.shiro.web.servlet.AbstractShiroFilter$1.call(AbstractShiroFilter.java:365) [shiro-web-1.7.1.jar:1.7.1]
	at org.apache.shiro.subject.support.SubjectCallable.doCall(SubjectCallable.java:90) [shiro-core-1.7.1.jar:1.7.1]
	at org.apache.shiro.subject.support.SubjectCallable.call(SubjectCallable.java:83) [shiro-core-1.7.1.jar:1.7.1]
	at org.apache.shiro.subject.support.DelegatingSubject.execute(DelegatingSubject.java:387) [shiro-core-1.7.1.jar:1.7.1]
	at org.apache.shiro.web.servlet.AbstractShiroFilter.doFilterInternal(AbstractShiroFilter.java:362) [shiro-web-1.7.1.jar:1.7.1]
	at org.apache.shiro.web.servlet.OncePerRequestFilter.doFilter(OncePerRequestFilter.java:125) [shiro-web-1.7.1.jar:1.7.1]
	at org.apache.catalina.core.ApplicationFilterChain.internalDoFilter(ApplicationFilterChain.java:189) [tomcat-embed-core-9.0.46.jar:9.0.46]
	at org.apache.catalina.core.ApplicationFilterChain.doFilter(ApplicationFilterChain.java:162) [tomcat-embed-core-9.0.46.jar:9.0.46]
	at com.alibaba.druid.support.http.WebStatFilter.doFilter(WebStatFilter.java:123) [druid-1.1.10.jar:1.1.10]
	at org.apache.catalina.core.ApplicationFilterChain.internalDoFilter(ApplicationFilterChain.java:189) [tomcat-embed-core-9.0.46.jar:9.0.46]
	at org.apache.catalina.core.ApplicationFilterChain.doFilter(ApplicationFilterChain.java:162) [tomcat-embed-core-9.0.46.jar:9.0.46]
	at org.springframework.web.filter.RequestContextFilter.doFilterInternal(RequestContextFilter.java:100) [spring-web-5.3.7.jar:5.3.7]
	at org.springframework.web.filter.OncePerRequestFilter.doFilter(OncePerRequestFilter.java:119) [spring-web-5.3.7.jar:5.3.7]
	at org.apache.catalina.core.ApplicationFilterChain.internalDoFilter(ApplicationFilterChain.java:189) [tomcat-embed-core-9.0.46.jar:9.0.46]
	at org.apache.catalina.core.ApplicationFilterChain.doFilter(ApplicationFilterChain.java:162) [tomcat-embed-core-9.0.46.jar:9.0.46]
	at org.springframework.web.filter.FormContentFilter.doFilterInternal(FormContentFilter.java:93) [spring-web-5.3.7.jar:5.3.7]
	at org.springframework.web.filter.OncePerRequestFilter.doFilter(OncePerRequestFilter.java:119) [spring-web-5.3.7.jar:5.3.7]
	at org.apache.catalina.core.ApplicationFilterChain.internalDoFilter(ApplicationFilterChain.java:189) [tomcat-embed-core-9.0.46.jar:9.0.46]
	at org.apache.catalina.core.ApplicationFilterChain.doFilter(ApplicationFilterChain.java:162) [tomcat-embed-core-9.0.46.jar:9.0.46]
	at org.springframework.web.filter.CharacterEncodingFilter.doFilterInternal(CharacterEncodingFilter.java:201) [spring-web-5.3.7.jar:5.3.7]
	at org.springframework.web.filter.OncePerRequestFilter.doFilter(OncePerRequestFilter.java:119) [spring-web-5.3.7.jar:5.3.7]
	at org.apache.catalina.core.ApplicationFilterChain.internalDoFilter(ApplicationFilterChain.java:189) [tomcat-embed-core-9.0.46.jar:9.0.46]
	at org.apache.catalina.core.ApplicationFilterChain.doFilter(ApplicationFilterChain.java:162) [tomcat-embed-core-9.0.46.jar:9.0.46]
	at org.apache.catalina.core.StandardWrapperValve.invoke(StandardWrapperValve.java:202) [tomcat-embed-core-9.0.46.jar:9.0.46]
	at org.apache.catalina.core.StandardContextValve.invoke(StandardContextValve.java:97) [tomcat-embed-core-9.0.46.jar:9.0.46]
	at org.apache.catalina.authenticator.AuthenticatorBase.invoke(AuthenticatorBase.java:542) [tomcat-embed-core-9.0.46.jar:9.0.46]
	at org.apache.catalina.core.StandardHostValve.invoke(StandardHostValve.java:143) [tomcat-embed-core-9.0.46.jar:9.0.46]
	at org.apache.catalina.valves.ErrorReportValve.invoke(ErrorReportValve.java:92) [tomcat-embed-core-9.0.46.jar:9.0.46]
	at org.apache.catalina.core.StandardEngineValve.invoke(StandardEngineValve.java:78) [tomcat-embed-core-9.0.46.jar:9.0.46]
	at org.apache.catalina.connector.CoyoteAdapter.service(CoyoteAdapter.java:357) [tomcat-embed-core-9.0.46.jar:9.0.46]
	at org.apache.coyote.http11.Http11Processor.service(Http11Processor.java:374) [tomcat-embed-core-9.0.46.jar:9.0.46]
	at org.apache.coyote.AbstractProcessorLight.process(AbstractProcessorLight.java:65) [tomcat-embed-core-9.0.46.jar:9.0.46]
	at org.apache.coyote.AbstractProtocol$ConnectionHandler.process(AbstractProtocol.java:893) [tomcat-embed-core-9.0.46.jar:9.0.46]
	at org.apache.tomcat.util.net.NioEndpoint$SocketProcessor.doRun(NioEndpoint.java:1707) [tomcat-embed-core-9.0.46.jar:9.0.46]
	at org.apache.tomcat.util.net.SocketProcessorBase.run(SocketProcessorBase.java:49) [tomcat-embed-core-9.0.46.jar:9.0.46]
	at java.util.concurrent.ThreadPoolExecutor.runWorker(ThreadPoolExecutor.java:1149) [na:1.8.0_292]
	at java.util.concurrent.ThreadPoolExecutor$Worker.run(ThreadPoolExecutor.java:624) [na:1.8.0_292]
	at org.apache.tomcat.util.threads.TaskThread$WrappingRunnable.run(TaskThread.java:61) [tomcat-embed-core-9.0.46.jar:9.0.46]
	at java.lang.Thread.run(Thread.java:748) [na:1.8.0_292]
Caused by: org.springframework.data.redis.connection.PoolException: Could not get a resource from the pool; nested exception is io.lettuce.core.RedisConnectionException: Unable to connect to localhost:6379
	at org.springframework.data.redis.connection.lettuce.LettucePoolingConnectionProvider.getConnection(LettucePoolingConnectionProvider.java:109) ~[spring-data-redis-2.5.1.jar:2.5.1]
	at org.springframework.data.redis.connection.lettuce.LettuceConnectionFactory$ExceptionTranslatingConnectionProvider.getConnection(LettuceConnectionFactory.java:1527) ~[spring-data-redis-2.5.1.jar:2.5.1]
	... 72 common frames omitted
Caused by: io.lettuce.core.RedisConnectionException: Unable to connect to localhost:6379
	at io.lettuce.core.RedisConnectionException.create(RedisConnectionException.java:78) ~[lettuce-core-6.1.2.RELEASE.jar:6.1.2.RELEASE]
	at io.lettuce.core.RedisConnectionException.create(RedisConnectionException.java:56) ~[lettuce-core-6.1.2.RELEASE.jar:6.1.2.RELEASE]
	at io.lettuce.core.AbstractRedisClient.getConnection(AbstractRedisClient.java:330) ~[lettuce-core-6.1.2.RELEASE.jar:6.1.2.RELEASE]
	at io.lettuce.core.RedisClient.connect(RedisClient.java:216) ~[lettuce-core-6.1.2.RELEASE.jar:6.1.2.RELEASE]
	at org.springframework.data.redis.connection.lettuce.StandaloneConnectionProvider.lambda$getConnection$1(StandaloneConnectionProvider.java:115) ~[spring-data-redis-2.5.1.jar:2.5.1]
	at java.util.Optional.orElseGet(Optional.java:267) ~[na:1.8.0_292]
	at org.springframework.data.redis.connection.lettuce.StandaloneConnectionProvider.getConnection(StandaloneConnectionProvider.java:115) ~[spring-data-redis-2.5.1.jar:2.5.1]
	at org.springframework.data.redis.connection.lettuce.LettucePoolingConnectionProvider.lambda$null$0(LettucePoolingConnectionProvider.java:97) ~[spring-data-redis-2.5.1.jar:2.5.1]
	at io.lettuce.core.support.ConnectionPoolSupport$RedisPooledObjectFactory.create(ConnectionPoolSupport.java:211) ~[lettuce-core-6.1.2.RELEASE.jar:6.1.2.RELEASE]
	at io.lettuce.core.support.ConnectionPoolSupport$RedisPooledObjectFactory.create(ConnectionPoolSupport.java:201) ~[lettuce-core-6.1.2.RELEASE.jar:6.1.2.RELEASE]
	at org.apache.commons.pool2.BasePooledObjectFactory.makeObject(BasePooledObjectFactory.java:58) ~[commons-pool2-2.9.0.jar:2.9.0]
	at org.apache.commons.pool2.impl.GenericObjectPool.create(GenericObjectPool.java:918) ~[commons-pool2-2.9.0.jar:2.9.0]
	at org.apache.commons.pool2.impl.GenericObjectPool.borrowObject(GenericObjectPool.java:431) ~[commons-pool2-2.9.0.jar:2.9.0]
	at org.apache.commons.pool2.impl.GenericObjectPool.borrowObject(GenericObjectPool.java:356) ~[commons-pool2-2.9.0.jar:2.9.0]
	at io.lettuce.core.support.ConnectionPoolSupport$1.borrowObject(ConnectionPoolSupport.java:122) ~[lettuce-core-6.1.2.RELEASE.jar:6.1.2.RELEASE]
	at io.lettuce.core.support.ConnectionPoolSupport$1.borrowObject(ConnectionPoolSupport.java:117) ~[lettuce-core-6.1.2.RELEASE.jar:6.1.2.RELEASE]
	at org.springframework.data.redis.connection.lettuce.LettucePoolingConnectionProvider.getConnection(LettucePoolingConnectionProvider.java:103) ~[spring-data-redis-2.5.1.jar:2.5.1]
	... 73 common frames omitted
Caused by: io.netty.channel.AbstractChannel$AnnotatedConnectException: Connection refused: no further information: localhost/127.0.0.1:6379
Caused by: java.net.ConnectException: Connection refused: no further information
	at sun.nio.ch.SocketChannelImpl.checkConnect(Native Method) ~[na:1.8.0_292]
	at sun.nio.ch.SocketChannelImpl.finishConnect(SocketChannelImpl.java:716) ~[na:1.8.0_292]
	at io.netty.channel.socket.nio.NioSocketChannel.doFinishConnect(NioSocketChannel.java:330) ~[netty-transport-4.1.65.Final.jar:4.1.65.Final]
	at io.netty.channel.nio.AbstractNioChannel$AbstractNioUnsafe.finishConnect(AbstractNioChannel.java:334) ~[netty-transport-4.1.65.Final.jar:4.1.65.Final]
	at io.netty.channel.nio.NioEventLoop.processSelectedKey(NioEventLoop.java:707) ~[netty-transport-4.1.65.Final.jar:4.1.65.Final]
	at io.netty.channel.nio.NioEventLoop.processSelectedKeysOptimized(NioEventLoop.java:655) ~[netty-transport-4.1.65.Final.jar:4.1.65.Final]
	at io.netty.channel.nio.NioEventLoop.processSelectedKeys(NioEventLoop.java:581) ~[netty-transport-4.1.65.Final.jar:4.1.65.Final]
	at io.netty.channel.nio.NioEventLoop.run(NioEventLoop.java:493) ~[netty-transport-4.1.65.Final.jar:4.1.65.Final]
	at io.netty.util.concurrent.SingleThreadEventExecutor$4.run(SingleThreadEventExecutor.java:989) ~[netty-common-4.1.65.Final.jar:4.1.65.Final]
	at io.netty.util.internal.ThreadExecutorMap$2.run(ThreadExecutorMap.java:74) ~[netty-common-4.1.65.Final.jar:4.1.65.Final]
	at io.netty.util.concurrent.FastThreadLocalRunnable.run(FastThreadLocalRunnable.java:30) ~[netty-common-4.1.65.Final.jar:4.1.65.Final]
	at java.lang.Thread.run(Thread.java:748) [na:1.8.0_292]

2021-06-28 09:53:47.457 DEBUG 13800 --- [http-nio-8080-exec-7] c.c.dao.SysUserMapper.selectByUsername   : ==>  Preparing: select id, username, salt, `password`, phone, dept_id, real_name, nick_name, email, `status`, sex, deleted, create_id, update_id, create_where, create_time, update_time from sys_user where username=? and deleted=1 
2021-06-28 09:53:47.457 DEBUG 13800 --- [http-nio-8080-exec-7] c.c.dao.SysUserMapper.selectByUsername   : ==> Parameters: admin(String)
2021-06-28 09:53:47.460 DEBUG 13800 --- [http-nio-8080-exec-7] c.c.dao.SysUserMapper.selectByUsername   : <==      Total: 1
2021-06-28 09:53:47.460  INFO 13800 --- [http-nio-8080-exec-7] c.codecow.service.impl.UserServiceImpl   : accessToken=eyJ0eXAiOiJKV1QiLCJhbGciOiJIUzI1NiJ9.eyJzdWIiOiI5YTI2ZjVmMS1jYmQyLTQ3M2QtODJkYi0xZDZkY2Y0NTk4ZjgiLCJyb2xlcy1pbmZvcy1rZXkiOlsiYWRtaW4iXSwicGVybWlzc2lvbnMtaW5mb3Mta2V5IjpbInN5czp1c2VyOmFkZCIsInN5czp1c2VyOnVwZGF0ZSIsInN5czp1c2VyOmRlbGV0ZSIsInN5czp1c2VyOmxpc3QiXSwiaXNzIjoiY29tLmRvdXpoZW5ibyIsImp3dC11c2VyLW5hbWUta2V5IjoiYWRtaW4iLCJleHAiOjE2MjQ4NTI0MjcsImlhdCI6MTYyNDg0NTIyN30.UFC-E97H_wbXbAxvhAJZc4iF0lU91P3kHKzMTmwqSgI
2021-06-28 09:53:47.461  INFO 13800 --- [http-nio-8080-exec-7] c.codecow.service.impl.UserServiceImpl   : refreshToken=eyJ0eXAiOiJKV1QiLCJhbGciOiJIUzI1NiJ9.eyJzdWIiOiI5YTI2ZjVmMS1jYmQyLTQ3M2QtODJkYi0xZDZkY2Y0NTk4ZjgiLCJpc3MiOiJjb20uZG91emhlbmJvIiwiand0LXVzZXItbmFtZS1rZXkiOiJhZG1pbiIsImV4cCI6MTYyNDg3NDAyNywiaWF0IjoxNjI0ODQ1MjI3fQ.MNUZhorSvF_80FYUeP-gfvlUYFeV2QCemqimHjovHVY
2021-06-28 09:53:47.584  INFO 13800 --- [http-nio-8080-exec-10] c.c.c.s.CustomAccessControlFilter        : request接口地址：/home
2021-06-28 09:53:47.584  INFO 13800 --- [http-nio-8080-exec-10] c.c.c.s.CustomAccessControlFilter        : request请求方式：GET
2021-06-28 09:53:47.585  INFO 13800 --- [http-nio-8080-exec-10] c.c.c.s.CustomHashedCredentialsMatcher   : doCredentialsMatch....userId=9a26f5f1-cbd2-473d-82db-1d6dcf4598f8
2021-06-28 09:53:47.640 DEBUG 13800 --- [http-nio-8080-exec-10] c.c.dao.SysPermissionMapper.selectAll    : ==>  Preparing: select id, code, `name`, perms, url, `method`, pid, order_num, `type`, `status`, create_time, update_time, deleted from sys_permission where deleted=1 order by order_num desc 
2021-06-28 09:53:47.640 DEBUG 13800 --- [http-nio-8080-exec-10] c.c.dao.SysPermissionMapper.selectAll    : ==> Parameters: 
2021-06-28 09:53:47.644 DEBUG 13800 --- [http-nio-8080-exec-10] c.c.dao.SysPermissionMapper.selectAll    : <==      Total: 7
2021-06-28 09:53:47.645 DEBUG 13800 --- [http-nio-8080-exec-10] c.c.d.S.selectByPrimaryKey               : ==>  Preparing: select id, code, `name`, perms, url, `method`, pid, order_num, `type`, `status`, create_time, update_time, deleted from sys_permission where id = ? 
2021-06-28 09:53:47.645 DEBUG 13800 --- [http-nio-8080-exec-10] c.c.d.S.selectByPrimaryKey               : ==> Parameters: 0(String)
2021-06-28 09:53:47.646 DEBUG 13800 --- [http-nio-8080-exec-10] c.c.d.S.selectByPrimaryKey               : <==      Total: 0
2021-06-28 09:53:47.647 DEBUG 13800 --- [http-nio-8080-exec-10] c.c.d.S.selectByPrimaryKey               : ==>  Preparing: select id, code, `name`, perms, url, `method`, pid, order_num, `type`, `status`, create_time, update_time, deleted from sys_permission where id = ? 
2021-06-28 09:53:47.647 DEBUG 13800 --- [http-nio-8080-exec-10] c.c.d.S.selectByPrimaryKey               : ==> Parameters: 9d97e746-6499-4684-a166-5a5b78f08d32(String)
2021-06-28 09:53:47.648 DEBUG 13800 --- [http-nio-8080-exec-10] c.c.d.S.selectByPrimaryKey               : <==      Total: 1
2021-06-28 09:53:47.648 DEBUG 13800 --- [http-nio-8080-exec-10] c.c.d.S.selectByPrimaryKey               : ==>  Preparing: select id, code, `name`, perms, url, `method`, pid, order_num, `type`, `status`, create_time, update_time, deleted from sys_permission where id = ? 
2021-06-28 09:53:47.648 DEBUG 13800 --- [http-nio-8080-exec-10] c.c.d.S.selectByPrimaryKey               : ==> Parameters: 9d97e746-6499-4684-a166-5a5b78f08d32(String)
2021-06-28 09:53:47.649 DEBUG 13800 --- [http-nio-8080-exec-10] c.c.d.S.selectByPrimaryKey               : <==      Total: 1
2021-06-28 09:53:47.650 DEBUG 13800 --- [http-nio-8080-exec-10] c.c.d.S.selectByPrimaryKey               : ==>  Preparing: select id, code, `name`, perms, url, `method`, pid, order_num, `type`, `status`, create_time, update_time, deleted from sys_permission where id = ? 
2021-06-28 09:53:47.650 DEBUG 13800 --- [http-nio-8080-exec-10] c.c.d.S.selectByPrimaryKey               : ==> Parameters: 9d97e746-6499-4684-a166-5a5b78f08d32(String)
2021-06-28 09:53:47.651 DEBUG 13800 --- [http-nio-8080-exec-10] c.c.d.S.selectByPrimaryKey               : <==      Total: 1
2021-06-28 09:53:47.651 DEBUG 13800 --- [http-nio-8080-exec-10] c.c.d.S.selectByPrimaryKey               : ==>  Preparing: select id, code, `name`, perms, url, `method`, pid, order_num, `type`, `status`, create_time, update_time, deleted from sys_permission where id = ? 
2021-06-28 09:53:47.651 DEBUG 13800 --- [http-nio-8080-exec-10] c.c.d.S.selectByPrimaryKey               : ==> Parameters: 9d97e746-6499-4684-a166-5a5b78f08d32(String)
2021-06-28 09:53:47.652 DEBUG 13800 --- [http-nio-8080-exec-10] c.c.d.S.selectByPrimaryKey               : <==      Total: 1
2021-06-28 09:53:47.652 DEBUG 13800 --- [http-nio-8080-exec-10] c.c.d.S.selectByPrimaryKey               : ==>  Preparing: select id, code, `name`, perms, url, `method`, pid, order_num, `type`, `status`, create_time, update_time, deleted from sys_permission where id = ? 
2021-06-28 09:53:47.653 DEBUG 13800 --- [http-nio-8080-exec-10] c.c.d.S.selectByPrimaryKey               : ==> Parameters: 9d97e746-6499-4684-a166-5a5b78f08d32(String)
2021-06-28 09:53:47.654 DEBUG 13800 --- [http-nio-8080-exec-10] c.c.d.S.selectByPrimaryKey               : <==      Total: 1
2021-06-28 09:53:47.654 DEBUG 13800 --- [http-nio-8080-exec-10] c.c.d.S.selectByPrimaryKey               : ==>  Preparing: select id, code, `name`, perms, url, `method`, pid, order_num, `type`, `status`, create_time, update_time, deleted from sys_permission where id = ? 
2021-06-28 09:53:47.654 DEBUG 13800 --- [http-nio-8080-exec-10] c.c.d.S.selectByPrimaryKey               : ==> Parameters: 9d97e746-6499-4684-a166-5a5b78f08d32(String)
2021-06-28 09:53:47.655 DEBUG 13800 --- [http-nio-8080-exec-10] c.c.d.S.selectByPrimaryKey               : <==      Total: 1
2021-06-28 09:53:47.659 DEBUG 13800 --- [http-nio-8080-exec-10] c.c.d.SysUserMapper.selectByPrimaryKey   : ==>  Preparing: select id, username, salt, `password`, phone, dept_id, real_name, nick_name, email, `status`, sex, deleted, create_id, update_id, create_where, create_time, update_time from sys_user where id = ? 
2021-06-28 09:53:47.660 DEBUG 13800 --- [http-nio-8080-exec-10] c.c.d.SysUserMapper.selectByPrimaryKey   : ==> Parameters: 9a26f5f1-cbd2-473d-82db-1d6dcf4598f8(String)
2021-06-28 09:53:47.661 DEBUG 13800 --- [http-nio-8080-exec-10] c.c.d.SysUserMapper.selectByPrimaryKey   : <==      Total: 1
2021-06-28 09:53:50.502  INFO 13800 --- [http-nio-8080-exec-4] c.c.c.s.CustomAccessControlFilter        : request接口地址：/dept/getDeptList
2021-06-28 09:53:50.502  INFO 13800 --- [http-nio-8080-exec-4] c.c.c.s.CustomAccessControlFilter        : request请求方式：GET
2021-06-28 09:53:50.504  INFO 13800 --- [http-nio-8080-exec-4] c.c.c.s.CustomHashedCredentialsMatcher   : doCredentialsMatch....userId=9a26f5f1-cbd2-473d-82db-1d6dcf4598f8
2021-06-28 09:53:50.510 DEBUG 13800 --- [http-nio-8080-exec-4] com.codecow.dao.SysDeptMapper.selectAll  : ==>  Preparing: select id, dept_no, `name`, pid, `status`, relation_code, dept_manager_id, manager_name, phone, create_time, update_time, deleted from sys_dept where deleted=1 
2021-06-28 09:53:50.510 DEBUG 13800 --- [http-nio-8080-exec-4] com.codecow.dao.SysDeptMapper.selectAll  : ==> Parameters: 
2021-06-28 09:53:50.511 DEBUG 13800 --- [http-nio-8080-exec-4] com.codecow.dao.SysDeptMapper.selectAll  : <==      Total: 3
2021-06-28 09:53:50.512 DEBUG 13800 --- [http-nio-8080-exec-4] c.c.d.SysDeptMapper.selectByPrimaryKey   : ==>  Preparing: select id, dept_no, `name`, pid, `status`, relation_code, dept_manager_id, manager_name, phone, create_time, update_time, deleted from sys_dept where id = ? 
2021-06-28 09:53:50.512 DEBUG 13800 --- [http-nio-8080-exec-4] c.c.d.SysDeptMapper.selectByPrimaryKey   : ==> Parameters: 0(String)
2021-06-28 09:53:50.513 DEBUG 13800 --- [http-nio-8080-exec-4] c.c.d.SysDeptMapper.selectByPrimaryKey   : <==      Total: 0
2021-06-28 09:53:50.514 DEBUG 13800 --- [http-nio-8080-exec-4] c.c.d.SysDeptMapper.selectByPrimaryKey   : ==>  Preparing: select id, dept_no, `name`, pid, `status`, relation_code, dept_manager_id, manager_name, phone, create_time, update_time, deleted from sys_dept where id = ? 
2021-06-28 09:53:50.514 DEBUG 13800 --- [http-nio-8080-exec-4] c.c.d.SysDeptMapper.selectByPrimaryKey   : ==> Parameters: 0(String)
2021-06-28 09:53:50.516 DEBUG 13800 --- [http-nio-8080-exec-4] c.c.d.SysDeptMapper.selectByPrimaryKey   : <==      Total: 0
2021-06-28 09:53:50.516 DEBUG 13800 --- [http-nio-8080-exec-4] c.c.d.SysDeptMapper.selectByPrimaryKey   : ==>  Preparing: select id, dept_no, `name`, pid, `status`, relation_code, dept_manager_id, manager_name, phone, create_time, update_time, deleted from sys_dept where id = ? 
2021-06-28 09:53:50.516 DEBUG 13800 --- [http-nio-8080-exec-4] c.c.d.SysDeptMapper.selectByPrimaryKey   : ==> Parameters: 0(String)
2021-06-28 09:53:50.518 DEBUG 13800 --- [http-nio-8080-exec-4] c.c.d.SysDeptMapper.selectByPrimaryKey   : <==      Total: 0
2021-06-28 09:53:51.411  INFO 13800 --- [http-nio-8080-exec-1] c.c.c.s.CustomAccessControlFilter        : request接口地址：/user/getUserList
2021-06-28 09:53:51.411  INFO 13800 --- [http-nio-8080-exec-1] c.c.c.s.CustomAccessControlFilter        : request请求方式：POST
2021-06-28 09:53:51.412  INFO 13800 --- [http-nio-8080-exec-1] c.c.c.s.CustomHashedCredentialsMatcher   : doCredentialsMatch....userId=9a26f5f1-cbd2-473d-82db-1d6dcf4598f8
2021-06-28 09:53:51.421  INFO 13800 --- [http-nio-8080-exec-1] c.codecow.config.shiroconfig.RedisCache  : Shiro从缓存中获取数据KEY值[eyJ0eXAiOiJKV1QiLCJhbGciOiJIUzI1NiJ9.eyJzdWIiOiI5YTI2ZjVmMS1jYmQyLTQ3M2QtODJkYi0xZDZkY2Y0NTk4ZjgiLCJyb2xlcy1pbmZvcy1rZXkiOlsiYWRtaW4iXSwicGVybWlzc2lvbnMtaW5mb3Mta2V5IjpbInN5czp1c2VyOmFkZCIsInN5czp1c2VyOnVwZGF0ZSIsInN5czp1c2VyOmRlbGV0ZSIsInN5czp1c2VyOmxpc3QiXSwiaXNzIjoiY29tLmRvdXpoZW5ibyIsImp3dC11c2VyLW5hbWUta2V5IjoiYWRtaW4iLCJleHAiOjE2MjQ4NTI0MjcsImlhdCI6MTYyNDg0NTIyN30.UFC-E97H_wbXbAxvhAJZc4iF0lU91P3kHKzMTmwqSgI]
2021-06-28 09:53:51.425  INFO 13800 --- [http-nio-8080-exec-1] c.codecow.config.shiroconfig.RedisCache  : put key [eyJ0eXAiOiJKV1QiLCJhbGciOiJIUzI1NiJ9.eyJzdWIiOiI5YTI2ZjVmMS1jYmQyLTQ3M2QtODJkYi0xZDZkY2Y0NTk4ZjgiLCJyb2xlcy1pbmZvcy1rZXkiOlsiYWRtaW4iXSwicGVybWlzc2lvbnMtaW5mb3Mta2V5IjpbInN5czp1c2VyOmFkZCIsInN5czp1c2VyOnVwZGF0ZSIsInN5czp1c2VyOmRlbGV0ZSIsInN5czp1c2VyOmxpc3QiXSwiaXNzIjoiY29tLmRvdXpoZW5ibyIsImp3dC11c2VyLW5hbWUta2V5IjoiYWRtaW4iLCJleHAiOjE2MjQ4NTI0MjcsImlhdCI6MTYyNDg0NTIyN30.UFC-E97H_wbXbAxvhAJZc4iF0lU91P3kHKzMTmwqSgI]
2021-06-28 09:53:51.499 DEBUG 13800 --- [http-nio-8080-exec-1] c.c.dao.SysUserMapper.selectAll_COUNT    : ==>  Preparing: SELECT count(0) FROM sys_user WHERE deleted = 1 
2021-06-28 09:53:51.500 DEBUG 13800 --- [http-nio-8080-exec-1] c.c.dao.SysUserMapper.selectAll_COUNT    : ==> Parameters: 
2021-06-28 09:53:51.502 DEBUG 13800 --- [http-nio-8080-exec-1] c.c.dao.SysUserMapper.selectAll_COUNT    : <==      Total: 1
2021-06-28 09:53:51.504 DEBUG 13800 --- [http-nio-8080-exec-1] com.codecow.dao.SysUserMapper.selectAll  : ==>  Preparing: select id, username, salt, `password`, phone, dept_id, real_name, nick_name, email, `status`, sex, deleted, create_id, update_id, create_where, create_time, update_time from sys_user WHERE deleted=1 LIMIT ? 
2021-06-28 09:53:51.505 DEBUG 13800 --- [http-nio-8080-exec-1] com.codecow.dao.SysUserMapper.selectAll  : ==> Parameters: 10(Integer)
2021-06-28 09:53:51.506 DEBUG 13800 --- [http-nio-8080-exec-1] com.codecow.dao.SysUserMapper.selectAll  : <==      Total: 3
2021-06-28 09:53:51.507 DEBUG 13800 --- [http-nio-8080-exec-1] c.c.d.SysDeptMapper.selectByPrimaryKey   : ==>  Preparing: select id, dept_no, `name`, pid, `status`, relation_code, dept_manager_id, manager_name, phone, create_time, update_time, deleted from sys_dept where id = ? 
2021-06-28 09:53:51.507 DEBUG 13800 --- [http-nio-8080-exec-1] c.c.d.SysDeptMapper.selectByPrimaryKey   : ==> Parameters: 1f50ebaf-fc48-4d0d-a907-052e8ac2abe6(String)
2021-06-28 09:53:51.509 DEBUG 13800 --- [http-nio-8080-exec-1] c.c.d.SysDeptMapper.selectByPrimaryKey   : <==      Total: 1
2021-06-28 09:53:51.509 DEBUG 13800 --- [http-nio-8080-exec-1] c.c.d.SysDeptMapper.selectByPrimaryKey   : ==>  Preparing: select id, dept_no, `name`, pid, `status`, relation_code, dept_manager_id, manager_name, phone, create_time, update_time, deleted from sys_dept where id = ? 
2021-06-28 09:53:51.509 DEBUG 13800 --- [http-nio-8080-exec-1] c.c.d.SysDeptMapper.selectByPrimaryKey   : ==> Parameters: 24f41c71-5a95-4ef4-9493-
174574f3b0c5(String)
2021-06-28 09:53:51.510 DEBUG 13800 --- [http-nio-8080-exec-1] c.c.d.SysDeptMapper.selectByPrimaryKey   : <==      Total: 0
2021-06-28 09:53:51.510 DEBUG 13800 --- [http-nio-8080-exec-1] c.c.d.SysDeptMapper.selectByPrimaryKey   : ==>  Preparing: select id, dept_no, `name`, pid, `status`, relation_code, dept_manager_id, manager_name, phone, create_time, update_time, deleted from sys_dept where id = ? 
2021-06-28 09:53:51.510 DEBUG 13800 --- [http-nio-8080-exec-1] c.c.d.SysDeptMapper.selectByPrimaryKey   : ==> Parameters: 24f41c71-5a95-4ef4-9493-
174574f3b0c5(String)
2021-06-28 09:53:51.510 DEBUG 13800 --- [http-nio-8080-exec-1] c.c.d.SysDeptMapper.selectByPrimaryKey   : <==      Total: 0
2021-06-28 09:53:54.778  INFO 13800 --- [http-nio-8080-exec-7] c.c.c.s.CustomAccessControlFilter        : request接口地址：/menu/getAllMenus
2021-06-28 09:53:54.778  INFO 13800 --- [http-nio-8080-exec-7] c.c.c.s.CustomAccessControlFilter        : request请求方式：GET
2021-06-28 09:53:54.779  INFO 13800 --- [http-nio-8080-exec-7] c.c.c.s.CustomHashedCredentialsMatcher   : doCredentialsMatch....userId=9a26f5f1-cbd2-473d-82db-1d6dcf4598f8
2021-06-28 09:53:54.783 DEBUG 13800 --- [http-nio-8080-exec-7] c.c.dao.SysPermissionMapper.selectAll    : ==>  Preparing: select id, code, `name`, perms, url, `method`, pid, order_num, `type`, `status`, create_time, update_time, deleted from sys_permission where deleted=1 order by order_num desc 
2021-06-28 09:53:54.783 DEBUG 13800 --- [http-nio-8080-exec-7] c.c.dao.SysPermissionMapper.selectAll    : ==> Parameters: 
2021-06-28 09:53:54.787 DEBUG 13800 --- [http-nio-8080-exec-7] c.c.dao.SysPermissionMapper.selectAll    : <==      Total: 7
2021-06-28 09:53:54.788 DEBUG 13800 --- [http-nio-8080-exec-7] c.c.d.S.selectByPrimaryKey               : ==>  Preparing: select id, code, `name`, perms, url, `method`, pid, order_num, `type`, `status`, create_time, update_time, deleted from sys_permission where id = ? 
2021-06-28 09:53:54.788 DEBUG 13800 --- [http-nio-8080-exec-7] c.c.d.S.selectByPrimaryKey               : ==> Parameters: 0(String)
2021-06-28 09:53:54.789 DEBUG 13800 --- [http-nio-8080-exec-7] c.c.d.S.selectByPrimaryKey               : <==      Total: 0
2021-06-28 09:53:54.789 DEBUG 13800 --- [http-nio-8080-exec-7] c.c.d.S.selectByPrimaryKey               : ==>  Preparing: select id, code, `name`, perms, url, `method`, pid, order_num, `type`, `status`, create_time, update_time, deleted from sys_permission where id = ? 
2021-06-28 09:53:54.789 DEBUG 13800 --- [http-nio-8080-exec-7] c.c.d.S.selectByPrimaryKey               : ==> Parameters: 9d97e746-6499-4684-a166-5a5b78f08d32(String)
2021-06-28 09:53:54.790 DEBUG 13800 --- [http-nio-8080-exec-7] c.c.d.S.selectByPrimaryKey               : <==      Total: 1
2021-06-28 09:53:54.791 DEBUG 13800 --- [http-nio-8080-exec-7] c.c.d.S.selectByPrimaryKey               : ==>  Preparing: select id, code, `name`, perms, url, `method`, pid, order_num, `type`, `status`, create_time, update_time, deleted from sys_permission where id = ? 
2021-06-28 09:53:54.791 DEBUG 13800 --- [http-nio-8080-exec-7] c.c.d.S.selectByPrimaryKey               : ==> Parameters: 9d97e746-6499-4684-a166-5a5b78f08d32(String)
2021-06-28 09:53:54.792 DEBUG 13800 --- [http-nio-8080-exec-7] c.c.d.S.selectByPrimaryKey               : <==      Total: 1
2021-06-28 09:53:54.792 DEBUG 13800 --- [http-nio-8080-exec-7] c.c.d.S.selectByPrimaryKey               : ==>  Preparing: select id, code, `name`, perms, url, `method`, pid, order_num, `type`, `status`, create_time, update_time, deleted from sys_permission where id = ? 
2021-06-28 09:53:54.792 DEBUG 13800 --- [http-nio-8080-exec-7] c.c.d.S.selectByPrimaryKey               : ==> Parameters: 9d97e746-6499-4684-a166-5a5b78f08d32(String)
2021-06-28 09:53:54.793 DEBUG 13800 --- [http-nio-8080-exec-7] c.c.d.S.selectByPrimaryKey               : <==      Total: 1
2021-06-28 09:53:54.793 DEBUG 13800 --- [http-nio-8080-exec-7] c.c.d.S.selectByPrimaryKey               : ==>  Preparing: select id, code, `name`, perms, url, `method`, pid, order_num, `type`, `status`, create_time, update_time, deleted from sys_permission where id = ? 
2021-06-28 09:53:54.793 DEBUG 13800 --- [http-nio-8080-exec-7] c.c.d.S.selectByPrimaryKey               : ==> Parameters: 9d97e746-6499-4684-a166-5a5b78f08d32(String)
2021-06-28 09:53:54.794 DEBUG 13800 --- [http-nio-8080-exec-7] c.c.d.S.selectByPrimaryKey               : <==      Total: 1
2021-06-28 09:53:54.794 DEBUG 13800 --- [http-nio-8080-exec-7] c.c.d.S.selectByPrimaryKey               : ==>  Preparing: select id, code, `name`, perms, url, `method`, pid, order_num, `type`, `status`, create_time, update_time, deleted from sys_permission where id = ? 
2021-06-28 09:53:54.794 DEBUG 13800 --- [http-nio-8080-exec-7] c.c.d.S.selectByPrimaryKey               : ==> Parameters: 9d97e746-6499-4684-a166-5a5b78f08d32(String)
2021-06-28 09:53:54.795 DEBUG 13800 --- [http-nio-8080-exec-7] c.c.d.S.selectByPrimaryKey               : <==      Total: 1
2021-06-28 09:53:54.795 DEBUG 13800 --- [http-nio-8080-exec-7] c.c.d.S.selectByPrimaryKey               : ==>  Preparing: select id, code, `name`, perms, url, `method`, pid, order_num, `type`, `status`, create_time, update_time, deleted from sys_permission where id = ? 
2021-06-28 09:53:54.795 DEBUG 13800 --- [http-nio-8080-exec-7] c.c.d.S.selectByPrimaryKey               : ==> Parameters: 9d97e746-6499-4684-a166-5a5b78f08d32(String)
2021-06-28 09:53:54.796 DEBUG 13800 --- [http-nio-8080-exec-7] c.c.d.S.selectByPrimaryKey               : <==      Total: 1
2021-06-28 09:54:03.894  INFO 13800 --- [http-nio-8080-exec-4] c.c.c.s.CustomAccessControlFilter        : request接口地址：/menu/deleteMenu/6184a676-839c-4374-a54c-ed7777c772db
2021-06-28 09:54:03.895  INFO 13800 --- [http-nio-8080-exec-4] c.c.c.s.CustomAccessControlFilter        : request请求方式：DELETE
2021-06-28 09:54:03.895  INFO 13800 --- [http-nio-8080-exec-4] c.c.c.s.CustomHashedCredentialsMatcher   : doCredentialsMatch....userId=9a26f5f1-cbd2-473d-82db-1d6dcf4598f8
2021-06-28 09:54:03.933 DEBUG 13800 --- [http-nio-8080-exec-4] c.c.dao.SysPermissionMapper.selectChild  : ==>  Preparing: select id, code, `name`, perms, url, `method`, pid, order_num, `type`, `status`, create_time, update_time, deleted from sys_permission where pid=? and deleted=1 
2021-06-28 09:54:03.934 DEBUG 13800 --- [http-nio-8080-exec-4] c.c.dao.SysPermissionMapper.selectChild  : ==> Parameters: 6184a676-839c-4374-a54c-ed7777c772db(String)
2021-06-28 09:54:03.934 DEBUG 13800 --- [http-nio-8080-exec-4] c.c.dao.SysPermissionMapper.selectChild  : <==      Total: 0
2021-06-28 09:54:03.935 DEBUG 13800 --- [http-nio-8080-exec-4] c.c.d.S.removeByPermissionId             : ==>  Preparing: delete from sys_role_permission where permission_id=? 
2021-06-28 09:54:03.935 DEBUG 13800 --- [http-nio-8080-exec-4] c.c.d.S.removeByPermissionId             : ==> Parameters: 6184a676-839c-4374-a54c-ed7777c772db(String)
2021-06-28 09:54:03.962 DEBUG 13800 --- [http-nio-8080-exec-4] c.c.d.S.removeByPermissionId             : <==    Updates: 0
2021-06-28 09:54:03.964 DEBUG 13800 --- [http-nio-8080-exec-4] c.c.d.S.updateByPrimaryKeySelective      : ==>  Preparing: update sys_permission SET update_time = ?, deleted = ? where id = ? 
2021-06-28 09:54:03.966 DEBUG 13800 --- [http-nio-8080-exec-4] c.c.d.S.updateByPrimaryKeySelective      : ==> Parameters: 2021-06-28 09:54:03.962(Timestamp), 0(Integer), 6184a676-839c-4374-a54c-ed7777c772db(String)
2021-06-28 09:54:03.968 DEBUG 13800 --- [http-nio-8080-exec-4] c.c.d.S.updateByPrimaryKeySelective      : <==    Updates: 1
2021-06-28 09:54:03.969 DEBUG 13800 --- [http-nio-8080-exec-4] c.c.d.S.getRoleIdsByPermissionId         : ==>  Preparing: select role_id from sys_role_permission where permission_id=? 
2021-06-28 09:54:03.969 DEBUG 13800 --- [http-nio-8080-exec-4] c.c.d.S.getRoleIdsByPermissionId         : ==> Parameters: 6184a676-839c-4374-a54c-ed7777c772db(String)
2021-06-28 09:54:03.969 DEBUG 13800 --- [http-nio-8080-exec-4] c.c.d.S.getRoleIdsByPermissionId         : <==      Total: 0
2021-06-28 09:54:03.985  INFO 13800 --- [http-nio-8080-exec-6] c.c.c.s.CustomAccessControlFilter        : request接口地址：/menu/getAllMenus
2021-06-28 09:54:03.985  INFO 13800 --- [http-nio-8080-exec-6] c.c.c.s.CustomAccessControlFilter        : request请求方式：GET
2021-06-28 09:54:03.985  INFO 13800 --- [http-nio-8080-exec-6] c.c.c.s.CustomHashedCredentialsMatcher   : doCredentialsMatch....userId=9a26f5f1-cbd2-473d-82db-1d6dcf4598f8
2021-06-28 09:54:03.989 DEBUG 13800 --- [http-nio-8080-exec-6] c.c.dao.SysPermissionMapper.selectAll    : ==>  Preparing: select id, code, `name`, perms, url, `method`, pid, order_num, `type`, `status`, create_time, update_time, deleted from sys_permission where deleted=1 order by order_num desc 
2021-06-28 09:54:03.989 DEBUG 13800 --- [http-nio-8080-exec-6] c.c.dao.SysPermissionMapper.selectAll    : ==> Parameters: 
2021-06-28 09:54:03.992 DEBUG 13800 --- [http-nio-8080-exec-6] c.c.dao.SysPermissionMapper.selectAll    : <==      Total: 6
2021-06-28 09:54:03.992 DEBUG 13800 --- [http-nio-8080-exec-6] c.c.d.S.selectByPrimaryKey               : ==>  Preparing: select id, code, `name`, perms, url, `method`, pid, order_num, `type`, `status`, create_time, update_time, deleted from sys_permission where id = ? 
2021-06-28 09:54:03.992 DEBUG 13800 --- [http-nio-8080-exec-6] c.c.d.S.selectByPrimaryKey               : ==> Parameters: 0(String)
2021-06-28 09:54:03.992 DEBUG 13800 --- [http-nio-8080-exec-6] c.c.d.S.selectByPrimaryKey               : <==      Total: 0
2021-06-28 09:54:03.992 DEBUG 13800 --- [http-nio-8080-exec-6] c.c.d.S.selectByPrimaryKey               : ==>  Preparing: select id, code, `name`, perms, url, `method`, pid, order_num, `type`, `status`, create_time, update_time, deleted from sys_permission where id = ? 
2021-06-28 09:54:03.992 DEBUG 13800 --- [http-nio-8080-exec-6] c.c.d.S.selectByPrimaryKey               : ==> Parameters: 9d97e746-6499-4684-a166-5a5b78f08d32(String)
2021-06-28 09:54:03.993 DEBUG 13800 --- [http-nio-8080-exec-6] c.c.d.S.selectByPrimaryKey               : <==      Total: 1
2021-06-28 09:54:03.994 DEBUG 13800 --- [http-nio-8080-exec-6] c.c.d.S.selectByPrimaryKey               : ==>  Preparing: select id, code, `name`, perms, url, `method`, pid, order_num, `type`, `status`, create_time, update_time, deleted from sys_permission where id = ? 
2021-06-28 09:54:03.994 DEBUG 13800 --- [http-nio-8080-exec-6] c.c.d.S.selectByPrimaryKey               : ==> Parameters: 9d97e746-6499-4684-a166-5a5b78f08d32(String)
2021-06-28 09:54:03.995 DEBUG 13800 --- [http-nio-8080-exec-6] c.c.d.S.selectByPrimaryKey               : <==      Total: 1
2021-06-28 09:54:03.995 DEBUG 13800 --- [http-nio-8080-exec-6] c.c.d.S.selectByPrimaryKey               : ==>  Preparing: select id, code, `name`, perms, url, `method`, pid, order_num, `type`, `status`, create_time, update_time, deleted from sys_permission where id = ? 
2021-06-28 09:54:03.995 DEBUG 13800 --- [http-nio-8080-exec-6] c.c.d.S.selectByPrimaryKey               : ==> Parameters: 9d97e746-6499-4684-a166-5a5b78f08d32(String)
2021-06-28 09:54:03.997 DEBUG 13800 --- [http-nio-8080-exec-6] c.c.d.S.selectByPrimaryKey               : <==      Total: 1
2021-06-28 09:54:03.997 DEBUG 13800 --- [http-nio-8080-exec-6] c.c.d.S.selectByPrimaryKey               : ==>  Preparing: select id, code, `name`, perms, url, `method`, pid, order_num, `type`, `status`, create_time, update_time, deleted from sys_permission where id = ? 
2021-06-28 09:54:03.997 DEBUG 13800 --- [http-nio-8080-exec-6] c.c.d.S.selectByPrimaryKey               : ==> Parameters: 9d97e746-6499-4684-a166-5a5b78f08d32(String)
2021-06-28 09:54:03.999 DEBUG 13800 --- [http-nio-8080-exec-6] c.c.d.S.selectByPrimaryKey               : <==      Total: 1
2021-06-28 09:54:04.000 DEBUG 13800 --- [http-nio-8080-exec-6] c.c.d.S.selectByPrimaryKey               : ==>  Preparing: select id, code, `name`, perms, url, `method`, pid, order_num, `type`, `status`, create_time, update_time, deleted from sys_permission where id = ? 
2021-06-28 09:54:04.000 DEBUG 13800 --- [http-nio-8080-exec-6] c.c.d.S.selectByPrimaryKey               : ==> Parameters: 9d97e746-6499-4684-a166-5a5b78f08d32(String)
2021-06-28 09:54:04.002 DEBUG 13800 --- [http-nio-8080-exec-6] c.c.d.S.selectByPrimaryKey               : <==      Total: 1
2021-06-28 09:54:07.078  INFO 13800 --- [http-nio-8080-exec-7] c.c.c.s.CustomAccessControlFilter        : request接口地址：/home
2021-06-28 09:54:07.078  INFO 13800 --- [http-nio-8080-exec-7] c.c.c.s.CustomAccessControlFilter        : request请求方式：GET
2021-06-28 09:54:07.078  INFO 13800 --- [http-nio-8080-exec-7] c.c.c.s.CustomHashedCredentialsMatcher   : doCredentialsMatch....userId=9a26f5f1-cbd2-473d-82db-1d6dcf4598f8
2021-06-28 09:54:07.083 DEBUG 13800 --- [http-nio-8080-exec-7] c.c.dao.SysPermissionMapper.selectAll    : ==>  Preparing: select id, code, `name`, perms, url, `method`, pid, order_num, `type`, `status`, create_time, update_time, deleted from sys_permission where deleted=1 order by order_num desc 
2021-06-28 09:54:07.083 DEBUG 13800 --- [http-nio-8080-exec-7] c.c.dao.SysPermissionMapper.selectAll    : ==> Parameters: 
2021-06-28 09:54:07.086 DEBUG 13800 --- [http-nio-8080-exec-7] c.c.dao.SysPermissionMapper.selectAll    : <==      Total: 6
2021-06-28 09:54:07.087 DEBUG 13800 --- [http-nio-8080-exec-7] c.c.d.S.selectByPrimaryKey               : ==>  Preparing: select id, code, `name`, perms, url, `method`, pid, order_num, `type`, `status`, create_time, update_time, deleted from sys_permission where id = ? 
2021-06-28 09:54:07.087 DEBUG 13800 --- [http-nio-8080-exec-7] c.c.d.S.selectByPrimaryKey               : ==> Parameters: 0(String)
2021-06-28 09:54:07.087 DEBUG 13800 --- [http-nio-8080-exec-7] c.c.d.S.selectByPrimaryKey               : <==      Total: 0
2021-06-28 09:54:07.088 DEBUG 13800 --- [http-nio-8080-exec-7] c.c.d.S.selectByPrimaryKey               : ==>  Preparing: select id, code, `name`, perms, url, `method`, pid, order_num, `type`, `status`, create_time, update_time, deleted from sys_permission where id = ? 
2021-06-28 09:54:07.088 DEBUG 13800 --- [http-nio-8080-exec-7] c.c.d.S.selectByPrimaryKey               : ==> Parameters: 9d97e746-6499-4684-a166-5a5b78f08d32(String)
2021-06-28 09:54:07.089 DEBUG 13800 --- [http-nio-8080-exec-7] c.c.d.S.selectByPrimaryKey               : <==      Total: 1
2021-06-28 09:54:07.090 DEBUG 13800 --- [http-nio-8080-exec-7] c.c.d.S.selectByPrimaryKey               : ==>  Preparing: select id, code, `name`, perms, url, `method`, pid, order_num, `type`, `status`, create_time, update_time, deleted from sys_permission where id = ? 
2021-06-28 09:54:07.090 DEBUG 13800 --- [http-nio-8080-exec-7] c.c.d.S.selectByPrimaryKey               : ==> Parameters: 9d97e746-6499-4684-a166-5a5b78f08d32(String)
2021-06-28 09:54:07.091 DEBUG 13800 --- [http-nio-8080-exec-7] c.c.d.S.selectByPrimaryKey               : <==      Total: 1
2021-06-28 09:54:07.091 DEBUG 13800 --- [http-nio-8080-exec-7] c.c.d.S.selectByPrimaryKey               : ==>  Preparing: select id, code, `name`, perms, url, `method`, pid, order_num, `type`, `status`, create_time, update_time, deleted from sys_permission where id = ? 
2021-06-28 09:54:07.091 DEBUG 13800 --- [http-nio-8080-exec-7] c.c.d.S.selectByPrimaryKey               : ==> Parameters: 9d97e746-6499-4684-a166-5a5b78f08d32(String)
2021-06-28 09:54:07.093 DEBUG 13800 --- [http-nio-8080-exec-7] c.c.d.S.selectByPrimaryKey               : <==      Total: 1
2021-06-28 09:54:07.093 DEBUG 13800 --- [http-nio-8080-exec-7] c.c.d.S.selectByPrimaryKey               : ==>  Preparing: select id, code, `name`, perms, url, `method`, pid, order_num, `type`, `status`, create_time, update_time, deleted from sys_permission where id = ? 
2021-06-28 09:54:07.093 DEBUG 13800 --- [http-nio-8080-exec-7] c.c.d.S.selectByPrimaryKey               : ==> Parameters: 9d97e746-6499-4684-a166-5a5b78f08d32(String)
2021-06-28 09:54:07.094 DEBUG 13800 --- [http-nio-8080-exec-7] c.c.d.S.selectByPrimaryKey               : <==      Total: 1
2021-06-28 09:54:07.095 DEBUG 13800 --- [http-nio-8080-exec-7] c.c.d.S.selectByPrimaryKey               : ==>  Preparing: select id, code, `name`, perms, url, `method`, pid, order_num, `type`, `status`, create_time, update_time, deleted from sys_permission where id = ? 
2021-06-28 09:54:07.095 DEBUG 13800 --- [http-nio-8080-exec-7] c.c.d.S.selectByPrimaryKey               : ==> Parameters: 9d97e746-6499-4684-a166-5a5b78f08d32(String)
2021-06-28 09:54:07.096 DEBUG 13800 --- [http-nio-8080-exec-7] c.c.d.S.selectByPrimaryKey               : <==      Total: 1
2021-06-28 09:54:07.097 DEBUG 13800 --- [http-nio-8080-exec-7] c.c.d.SysUserMapper.selectByPrimaryKey   : ==>  Preparing: select id, username, salt, `password`, phone, dept_id, real_name, nick_name, email, `status`, sex, deleted, create_id, update_id, create_where, create_time, update_time from sys_user where id = ? 
2021-06-28 09:54:07.097 DEBUG 13800 --- [http-nio-8080-exec-7] c.c.d.SysUserMapper.selectByPrimaryKey   : ==> Parameters: 9a26f5f1-cbd2-473d-82db-1d6dcf4598f8(String)
2021-06-28 09:54:07.098 DEBUG 13800 --- [http-nio-8080-exec-7] c.c.d.SysUserMapper.selectByPrimaryKey   : <==      Total: 1
2021-06-28 09:54:08.417  INFO 13800 --- [http-nio-8080-exec-5] c.c.c.s.CustomAccessControlFilter        : request接口地址：/menu/getAllMenus
2021-06-28 09:54:08.418  INFO 13800 --- [http-nio-8080-exec-5] c.c.c.s.CustomAccessControlFilter        : request请求方式：GET
2021-06-28 09:54:08.418  INFO 13800 --- [http-nio-8080-exec-5] c.c.c.s.CustomHashedCredentialsMatcher   : doCredentialsMatch....userId=9a26f5f1-cbd2-473d-82db-1d6dcf4598f8
2021-06-28 09:54:08.422 DEBUG 13800 --- [http-nio-8080-exec-5] c.c.dao.SysPermissionMapper.selectAll    : ==>  Preparing: select id, code, `name`, perms, url, `method`, pid, order_num, `type`, `status`, create_time, update_time, deleted from sys_permission where deleted=1 order by order_num desc 
2021-06-28 09:54:08.422 DEBUG 13800 --- [http-nio-8080-exec-5] c.c.dao.SysPermissionMapper.selectAll    : ==> Parameters: 
2021-06-28 09:54:08.423 DEBUG 13800 --- [http-nio-8080-exec-5] c.c.dao.SysPermissionMapper.selectAll    : <==      Total: 6
2021-06-28 09:54:08.424 DEBUG 13800 --- [http-nio-8080-exec-5] c.c.d.S.selectByPrimaryKey               : ==>  Preparing: select id, code, `name`, perms, url, `method`, pid, order_num, `type`, `status`, create_time, update_time, deleted from sys_permission where id = ? 
2021-06-28 09:54:08.424 DEBUG 13800 --- [http-nio-8080-exec-5] c.c.d.S.selectByPrimaryKey               : ==> Parameters: 0(String)
2021-06-28 09:54:08.424 DEBUG 13800 --- [http-nio-8080-exec-5] c.c.d.S.selectByPrimaryKey               : <==      Total: 0
2021-06-28 09:54:08.425 DEBUG 13800 --- [http-nio-8080-exec-5] c.c.d.S.selectByPrimaryKey               : ==>  Preparing: select id, code, `name`, perms, url, `method`, pid, order_num, `type`, `status`, create_time, update_time, deleted from sys_permission where id = ? 
2021-06-28 09:54:08.425 DEBUG 13800 --- [http-nio-8080-exec-5] c.c.d.S.selectByPrimaryKey               : ==> Parameters: 9d97e746-6499-4684-a166-5a5b78f08d32(String)
2021-06-28 09:54:08.425 DEBUG 13800 --- [http-nio-8080-exec-5] c.c.d.S.selectByPrimaryKey               : <==      Total: 1
2021-06-28 09:54:08.426 DEBUG 13800 --- [http-nio-8080-exec-5] c.c.d.S.selectByPrimaryKey               : ==>  Preparing: select id, code, `name`, perms, url, `method`, pid, order_num, `type`, `status`, create_time, update_time, deleted from sys_permission where id = ? 
2021-06-28 09:54:08.426 DEBUG 13800 --- [http-nio-8080-exec-5] c.c.d.S.selectByPrimaryKey               : ==> Parameters: 9d97e746-6499-4684-a166-5a5b78f08d32(String)
2021-06-28 09:54:08.426 DEBUG 13800 --- [http-nio-8080-exec-5] c.c.d.S.selectByPrimaryKey               : <==      Total: 1
2021-06-28 09:54:08.427 DEBUG 13800 --- [http-nio-8080-exec-5] c.c.d.S.selectByPrimaryKey               : ==>  Preparing: select id, code, `name`, perms, url, `method`, pid, order_num, `type`, `status`, create_time, update_time, deleted from sys_permission where id = ? 
2021-06-28 09:54:08.427 DEBUG 13800 --- [http-nio-8080-exec-5] c.c.d.S.selectByPrimaryKey               : ==> Parameters: 9d97e746-6499-4684-a166-5a5b78f08d32(String)
2021-06-28 09:54:08.427 DEBUG 13800 --- [http-nio-8080-exec-5] c.c.d.S.selectByPrimaryKey               : <==      Total: 1
2021-06-28 09:54:08.428 DEBUG 13800 --- [http-nio-8080-exec-5] c.c.d.S.selectByPrimaryKey               : ==>  Preparing: select id, code, `name`, perms, url, `method`, pid, order_num, `type`, `status`, create_time, update_time, deleted from sys_permission where id = ? 
2021-06-28 09:54:08.428 DEBUG 13800 --- [http-nio-8080-exec-5] c.c.d.S.selectByPrimaryKey               : ==> Parameters: 9d97e746-6499-4684-a166-5a5b78f08d32(String)
2021-06-28 09:54:08.428 DEBUG 13800 --- [http-nio-8080-exec-5] c.c.d.S.selectByPrimaryKey               : <==      Total: 1
2021-06-28 09:54:08.429 DEBUG 13800 --- [http-nio-8080-exec-5] c.c.d.S.selectByPrimaryKey               : ==>  Preparing: select id, code, `name`, perms, url, `method`, pid, order_num, `type`, `status`, create_time, update_time, deleted from sys_permission where id = ? 
2021-06-28 09:54:08.429 DEBUG 13800 --- [http-nio-8080-exec-5] c.c.d.S.selectByPrimaryKey               : ==> Parameters: 9d97e746-6499-4684-a166-5a5b78f08d32(String)
2021-06-28 09:54:08.430 DEBUG 13800 --- [http-nio-8080-exec-5] c.c.d.S.selectByPrimaryKey               : <==      Total: 1
2021-06-28 09:54:10.425  INFO 13800 --- [http-nio-8080-exec-4] c.c.c.s.CustomAccessControlFilter        : request接口地址：/role/getAllRoles
2021-06-28 09:54:10.425  INFO 13800 --- [http-nio-8080-exec-4] c.c.c.s.CustomAccessControlFilter        : request请求方式：POST
2021-06-28 09:54:10.425  INFO 13800 --- [http-nio-8080-exec-4] c.c.c.s.CustomHashedCredentialsMatcher   : doCredentialsMatch....userId=9a26f5f1-cbd2-473d-82db-1d6dcf4598f8
2021-06-28 09:54:10.433 DEBUG 13800 --- [http-nio-8080-exec-4] c.c.dao.SysRoleMapper.selectAll_COUNT    : ==>  Preparing: SELECT count(0) FROM sys_role WHERE deleted = 1 
2021-06-28 09:54:10.434 DEBUG 13800 --- [http-nio-8080-exec-4] c.c.dao.SysRoleMapper.selectAll_COUNT    : ==> Parameters: 
2021-06-28 09:54:10.435 DEBUG 13800 --- [http-nio-8080-exec-4] c.c.dao.SysRoleMapper.selectAll_COUNT    : <==      Total: 1
2021-06-28 09:54:10.435 DEBUG 13800 --- [http-nio-8080-exec-4] com.codecow.dao.SysRoleMapper.selectAll  : ==>  Preparing: select id, `name`, description, `status`, create_time, update_time, deleted from sys_role WHERE deleted=1 LIMIT ? 
2021-06-28 09:54:10.435 DEBUG 13800 --- [http-nio-8080-exec-4] com.codecow.dao.SysRoleMapper.selectAll  : ==> Parameters: 10(Integer)
2021-06-28 09:54:10.437 DEBUG 13800 --- [http-nio-8080-exec-4] com.codecow.dao.SysRoleMapper.selectAll  : <==      Total: 3
2021-06-28 09:54:14.645  INFO 13800 --- [http-nio-8080-exec-7] c.c.c.s.CustomAccessControlFilter        : request接口地址：/menu/getAllMenus
2021-06-28 09:54:14.646  INFO 13800 --- [http-nio-8080-exec-7] c.c.c.s.CustomAccessControlFilter        : request请求方式：GET
2021-06-28 09:54:14.646  INFO 13800 --- [http-nio-8080-exec-7] c.c.c.s.CustomHashedCredentialsMatcher   : doCredentialsMatch....userId=9a26f5f1-cbd2-473d-82db-1d6dcf4598f8
2021-06-28 09:54:14.650 DEBUG 13800 --- [http-nio-8080-exec-7] c.c.dao.SysPermissionMapper.selectAll    : ==>  Preparing: select id, code, `name`, perms, url, `method`, pid, order_num, `type`, `status`, create_time, update_time, deleted from sys_permission where deleted=1 order by order_num desc 
2021-06-28 09:54:14.651 DEBUG 13800 --- [http-nio-8080-exec-7] c.c.dao.SysPermissionMapper.selectAll    : ==> Parameters: 
2021-06-28 09:54:14.652 DEBUG 13800 --- [http-nio-8080-exec-7] c.c.dao.SysPermissionMapper.selectAll    : <==      Total: 6
2021-06-28 09:54:14.652 DEBUG 13800 --- [http-nio-8080-exec-7] c.c.d.S.selectByPrimaryKey               : ==>  Preparing: select id, code, `name`, perms, url, `method`, pid, order_num, `type`, `status`, create_time, update_time, deleted from sys_permission where id = ? 
2021-06-28 09:54:14.652 DEBUG 13800 --- [http-nio-8080-exec-7] c.c.d.S.selectByPrimaryKey               : ==> Parameters: 0(String)
2021-06-28 09:54:14.653 DEBUG 13800 --- [http-nio-8080-exec-7] c.c.d.S.selectByPrimaryKey               : <==      Total: 0
2021-06-28 09:54:14.653 DEBUG 13800 --- [http-nio-8080-exec-7] c.c.d.S.selectByPrimaryKey               : ==>  Preparing: select id, code, `name`, perms, url, `method`, pid, order_num, `type`, `status`, create_time, update_time, deleted from sys_permission where id = ? 
2021-06-28 09:54:14.653 DEBUG 13800 --- [http-nio-8080-exec-7] c.c.d.S.selectByPrimaryKey               : ==> Parameters: 9d97e746-6499-4684-a166-5a5b78f08d32(String)
2021-06-28 09:54:14.654 DEBUG 13800 --- [http-nio-8080-exec-7] c.c.d.S.selectByPrimaryKey               : <==      Total: 1
2021-06-28 09:54:14.654 DEBUG 13800 --- [http-nio-8080-exec-7] c.c.d.S.selectByPrimaryKey               : ==>  Preparing: select id, code, `name`, perms, url, `method`, pid, order_num, `type`, `status`, create_time, update_time, deleted from sys_permission where id = ? 
2021-06-28 09:54:14.654 DEBUG 13800 --- [http-nio-8080-exec-7] c.c.d.S.selectByPrimaryKey               : ==> Parameters: 9d97e746-6499-4684-a166-5a5b78f08d32(String)
2021-06-28 09:54:14.655 DEBUG 13800 --- [http-nio-8080-exec-7] c.c.d.S.selectByPrimaryKey               : <==      Total: 1
2021-06-28 09:54:14.655 DEBUG 13800 --- [http-nio-8080-exec-7] c.c.d.S.selectByPrimaryKey               : ==>  Preparing: select id, code, `name`, perms, url, `method`, pid, order_num, `type`, `status`, create_time, update_time, deleted from sys_permission where id = ? 
2021-06-28 09:54:14.655 DEBUG 13800 --- [http-nio-8080-exec-7] c.c.d.S.selectByPrimaryKey               : ==> Parameters: 9d97e746-6499-4684-a166-5a5b78f08d32(String)
2021-06-28 09:54:14.656 DEBUG 13800 --- [http-nio-8080-exec-7] c.c.d.S.selectByPrimaryKey               : <==      Total: 1
2021-06-28 09:54:14.656 DEBUG 13800 --- [http-nio-8080-exec-7] c.c.d.S.selectByPrimaryKey               : ==>  Preparing: select id, code, `name`, perms, url, `method`, pid, order_num, `type`, `status`, create_time, update_time, deleted from sys_permission where id = ? 
2021-06-28 09:54:14.656 DEBUG 13800 --- [http-nio-8080-exec-7] c.c.d.S.selectByPrimaryKey               : ==> Parameters: 9d97e746-6499-4684-a166-5a5b78f08d32(String)
2021-06-28 09:54:14.657 DEBUG 13800 --- [http-nio-8080-exec-7] c.c.d.S.selectByPrimaryKey               : <==      Total: 1
2021-06-28 09:54:14.657 DEBUG 13800 --- [http-nio-8080-exec-7] c.c.d.S.selectByPrimaryKey               : ==>  Preparing: select id, code, `name`, perms, url, `method`, pid, order_num, `type`, `status`, create_time, update_time, deleted from sys_permission where id = ? 
2021-06-28 09:54:14.658 DEBUG 13800 --- [http-nio-8080-exec-7] c.c.d.S.selectByPrimaryKey               : ==> Parameters: 9d97e746-6499-4684-a166-5a5b78f08d32(String)
2021-06-28 09:54:14.659 DEBUG 13800 --- [http-nio-8080-exec-7] c.c.d.S.selectByPrimaryKey               : <==      Total: 1
2021-06-28 09:57:54.019  INFO 13800 --- [http-nio-8080-exec-10] c.c.c.s.CustomAccessControlFilter        : request接口地址：/menu/deleteMenu/372e059e-f879-4f31-9f6d-1ed036c45042
2021-06-28 09:57:54.023  INFO 13800 --- [http-nio-8080-exec-10] c.c.c.s.CustomAccessControlFilter        : request请求方式：DELETE
2021-06-28 09:57:54.040  INFO 13800 --- [http-nio-8080-exec-10] c.c.c.s.CustomHashedCredentialsMatcher   : doCredentialsMatch....userId=9a26f5f1-cbd2-473d-82db-1d6dcf4598f8
2021-06-28 09:57:54.103 DEBUG 13800 --- [http-nio-8080-exec-10] c.c.dao.SysPermissionMapper.selectChild  : ==>  Preparing: select id, code, `name`, perms, url, `method`, pid, order_num, `type`, `status`, create_time, update_time, deleted from sys_permission where pid=? and deleted=1 
2021-06-28 09:57:54.105 DEBUG 13800 --- [http-nio-8080-exec-10] c.c.dao.SysPermissionMapper.selectChild  : ==> Parameters: 372e059e-f879-4f31-9f6d-1ed036c45042(String)
2021-06-28 09:57:54.109 DEBUG 13800 --- [http-nio-8080-exec-10] c.c.dao.SysPermissionMapper.selectChild  : <==      Total: 0
2021-06-28 09:57:54.110 DEBUG 13800 --- [http-nio-8080-exec-10] c.c.d.S.removeByPermissionId             : ==>  Preparing: delete from sys_role_permission where permission_id=? 
2021-06-28 09:57:54.110 DEBUG 13800 --- [http-nio-8080-exec-10] c.c.d.S.removeByPermissionId             : ==> Parameters: 372e059e-f879-4f31-9f6d-1ed036c45042(String)
2021-06-28 09:57:54.112 DEBUG 13800 --- [http-nio-8080-exec-10] c.c.d.S.removeByPermissionId             : <==    Updates: 0
2021-06-28 09:57:54.114 DEBUG 13800 --- [http-nio-8080-exec-10] c.c.d.S.updateByPrimaryKeySelective      : ==>  Preparing: update sys_permission SET update_time = ?, deleted = ? where id = ? 
2021-06-28 09:57:54.115 DEBUG 13800 --- [http-nio-8080-exec-10] c.c.d.S.updateByPrimaryKeySelective      : ==> Parameters: 2021-06-28 09:57:54.112(Timestamp), 0(Integer), 372e059e-f879-4f31-9f6d-1ed036c45042(String)
2021-06-28 09:57:54.126 DEBUG 13800 --- [http-nio-8080-exec-10] c.c.d.S.updateByPrimaryKeySelective      : <==    Updates: 1
2021-06-28 09:57:54.127 DEBUG 13800 --- [http-nio-8080-exec-10] c.c.d.S.getRoleIdsByPermissionId         : ==>  Preparing: select role_id from sys_role_permission where permission_id=? 
2021-06-28 09:57:54.128 DEBUG 13800 --- [http-nio-8080-exec-10] c.c.d.S.getRoleIdsByPermissionId         : ==> Parameters: 372e059e-f879-4f31-9f6d-1ed036c45042(String)
2021-06-28 09:57:54.129 DEBUG 13800 --- [http-nio-8080-exec-10] c.c.d.S.getRoleIdsByPermissionId         : <==      Total: 0
2021-06-28 09:57:54.173  INFO 13800 --- [http-nio-8080-exec-8] c.c.c.s.CustomAccessControlFilter        : request接口地址：/menu/getAllMenus
2021-06-28 09:57:54.174  INFO 13800 --- [http-nio-8080-exec-8] c.c.c.s.CustomAccessControlFilter        : request请求方式：GET
2021-06-28 09:57:54.175  INFO 13800 --- [http-nio-8080-exec-8] c.c.c.s.CustomHashedCredentialsMatcher   : doCredentialsMatch....userId=9a26f5f1-cbd2-473d-82db-1d6dcf4598f8
2021-06-28 09:57:54.183 DEBUG 13800 --- [http-nio-8080-exec-8] c.c.dao.SysPermissionMapper.selectAll    : ==>  Preparing: select id, code, `name`, perms, url, `method`, pid, order_num, `type`, `status`, create_time, update_time, deleted from sys_permission where deleted=1 order by order_num desc 
2021-06-28 09:57:54.183 DEBUG 13800 --- [http-nio-8080-exec-8] c.c.dao.SysPermissionMapper.selectAll    : ==> Parameters: 
2021-06-28 09:57:54.187 DEBUG 13800 --- [http-nio-8080-exec-8] c.c.dao.SysPermissionMapper.selectAll    : <==      Total: 5
2021-06-28 09:57:54.188 DEBUG 13800 --- [http-nio-8080-exec-8] c.c.d.S.selectByPrimaryKey               : ==>  Preparing: select id, code, `name`, perms, url, `method`, pid, order_num, `type`, `status`, create_time, update_time, deleted from sys_permission where id = ? 
2021-06-28 09:57:54.188 DEBUG 13800 --- [http-nio-8080-exec-8] c.c.d.S.selectByPrimaryKey               : ==> Parameters: 0(String)
2021-06-28 09:57:54.190 DEBUG 13800 --- [http-nio-8080-exec-8] c.c.d.S.selectByPrimaryKey               : <==      Total: 0
2021-06-28 09:57:54.190 DEBUG 13800 --- [http-nio-8080-exec-8] c.c.d.S.selectByPrimaryKey               : ==>  Preparing: select id, code, `name`, perms, url, `method`, pid, order_num, `type`, `status`, create_time, update_time, deleted from sys_permission where id = ? 
2021-06-28 09:57:54.190 DEBUG 13800 --- [http-nio-8080-exec-8] c.c.d.S.selectByPrimaryKey               : ==> Parameters: 9d97e746-6499-4684-a166-5a5b78f08d32(String)
2021-06-28 09:57:54.192 DEBUG 13800 --- [http-nio-8080-exec-8] c.c.d.S.selectByPrimaryKey               : <==      Total: 1
2021-06-28 09:57:54.192 DEBUG 13800 --- [http-nio-8080-exec-8] c.c.d.S.selectByPrimaryKey               : ==>  Preparing: select id, code, `name`, perms, url, `method`, pid, order_num, `type`, `status`, create_time, update_time, deleted from sys_permission where id = ? 
2021-06-28 09:57:54.192 DEBUG 13800 --- [http-nio-8080-exec-8] c.c.d.S.selectByPrimaryKey               : ==> Parameters: 9d97e746-6499-4684-a166-5a5b78f08d32(String)
2021-06-28 09:57:54.194 DEBUG 13800 --- [http-nio-8080-exec-8] c.c.d.S.selectByPrimaryKey               : <==      Total: 1
2021-06-28 09:57:54.194 DEBUG 13800 --- [http-nio-8080-exec-8] c.c.d.S.selectByPrimaryKey               : ==>  Preparing: select id, code, `name`, perms, url, `method`, pid, order_num, `type`, `status`, create_time, update_time, deleted from sys_permission where id = ? 
2021-06-28 09:57:54.195 DEBUG 13800 --- [http-nio-8080-exec-8] c.c.d.S.selectByPrimaryKey               : ==> Parameters: 9d97e746-6499-4684-a166-5a5b78f08d32(String)
2021-06-28 09:57:54.196 DEBUG 13800 --- [http-nio-8080-exec-8] c.c.d.S.selectByPrimaryKey               : <==      Total: 1
2021-06-28 09:57:54.196 DEBUG 13800 --- [http-nio-8080-exec-8] c.c.d.S.selectByPrimaryKey               : ==>  Preparing: select id, code, `name`, perms, url, `method`, pid, order_num, `type`, `status`, create_time, update_time, deleted from sys_permission where id = ? 
2021-06-28 09:57:54.196 DEBUG 13800 --- [http-nio-8080-exec-8] c.c.d.S.selectByPrimaryKey               : ==> Parameters: 9d97e746-6499-4684-a166-5a5b78f08d32(String)
2021-06-28 09:57:54.198 DEBUG 13800 --- [http-nio-8080-exec-8] c.c.d.S.selectByPrimaryKey               : <==      Total: 1
